Start testing: Sep 22 09:59 MSK
----------------------------------------------------------
1/1 Testing: BASIC
1/1 Test: BASIC
Command: "/home/medgrand/Repositories/MAI_OOP/lab1/build/tests"
Directory: /home/medgrand/Repositories/MAI_OOP/lab1/build
"BASIC" start time: Sep 22 09:59 MSK
Output:
----------------------------------------------------------
[==========] Running 5 tests from 1 test suite.
[----------] Global test environment set-up.
[----------] 5 tests from Lab1
[ RUN      ] Lab1.zero
[       OK ] Lab1.zero (0 ms)
[ RUN      ] Lab1.negative
[       OK ] Lab1.negative (0 ms)
[ RUN      ] Lab1.example1
[       OK ] Lab1.example1 (0 ms)
[ RUN      ] Lab1.example2
[       OK ] Lab1.example2 (0 ms)
[ RUN      ] Lab1.bigNumber
[       OK ] Lab1.bigNumber (1135 ms)
[----------] 5 tests from Lab1 (1135 ms total)

[----------] Global test environment tear-down
[==========] 5 tests from 1 test suite ran. (1135 ms total)
[  PASSED  ] 5 tests.
<end of output>
Test time =   1.14 sec
----------------------------------------------------------
Test Passed.
"BASIC" end time: Sep 22 09:59 MSK
"BASIC" time elapsed: 00:00:01
----------------------------------------------------------

End testing: Sep 22 09:59 MSK
